<?xml version="1.0" encoding="UTF-8"?>
<!-- Generated by org.testng.reporters.JUnitReportReporter -->
<testsuite skipped="0" hostname="DESKTOP-VRP7VS0" name="com.mrinal.training.testng.CalcTest" tests="2" failures="0" timestamp="30 Aug 2021 18:57:26 GMT" time="0.059" errors="0">
  <testcase name="subtractTest" time="0.000" classname="com.mrinal.training.testng.CalcTest"/>
  <testcase name="addTest" time="0.059" classname="com.mrinal.training.testng.CalcTest"/>
</testsuite> <!-- com.mrinal.training.testng.CalcTest -->
